<?xml version="1.0" encoding="UTF-8"?>
<testsuite name="TestClass" tests="1" skipped="0" failures="0" errors="0" timestamp="2024-02-10T20:05:38" hostname="PC_ALESSIO" time="0.032">
  <properties/>
  <testcase name="testMethod()" classname="TestClass" time="0.032"/>
  <system-out><![CDATA[]]></system-out>
  <system-err><![CDATA[]]></system-err>
</testsuite>
